<?xml version="1.0" encoding="UTF-8"?>
<!-- Generated by org.testng.reporters.JUnitXMLReporter -->
<testsuite ignored="0" hostname="Midhun" failures="0" tests="2" name="Test" time="13.518" errors="0" timestamp="2025-05-28T21:15:22 IST">
  <testcase classname="testScript.AdminUserTest" name="verifyWhetherTheAdminCanAddNewUserSucessfullyOnAdminUsersPage" time="4.138"/>
  <testcase classname="testScript.AdminUserTest" name="verifyAdminCanSucessfullySearchForaNewlyAddedUserOnAdminUsersPage" time="2.54"/>
</testsuite> <!-- Test -->
