<?xml version="1.0" encoding="UTF-8"?>
<testng-results ignored="0" total="1" passed="1" failed="0" skipped="0">
  <reporter-output>
  </reporter-output>
  <suite started-at="2025-05-29T16:58:53 IST" name="LoginTest" finished-at="2025-05-29T16:58:58 IST" duration-ms="5160">
    <groups>
      <group name="smoke">
        <method signature="LoginTest.verifyUserCanSucessfullyLoginWithValidCredentials()[pri:1, instance:testScript.LoginTest@27d4a09]" name="verifyUserCanSucessfullyLoginWithValidCredentials" class="testScript.LoginTest"/>
      </group> <!-- smoke -->
    </groups>
    <test started-at="2025-05-29T16:58:53 IST" name="Test" finished-at="2025-05-29T16:58:58 IST" duration-ms="5160">
      <class name="testScript.LoginTest">
        <test-method is-config="true" signature="initializeBrowser(java.lang.String)[pri:0, instance:testScript.LoginTest@27d4a09]" started-at="2025-05-29T16:58:53 IST" name="initializeBrowser" finished-at="2025-05-29T16:58:56 IST" duration-ms="3114" status="PASS">
          <params>
            <param index="0">
              <value>
                <![CDATA[Chrome]]>
              </value>
            </param>
          </params>
          <reporter-output>
          </reporter-output>
        </test-method> <!-- initializeBrowser -->
        <test-method signature="verifyUserCanSucessfullyLoginWithValidCredentials()[pri:1, instance:testScript.LoginTest@27d4a09]" started-at="2025-05-29T16:58:56 IST" name="verifyUserCanSucessfullyLoginWithValidCredentials" description="Verifying User is able to login with Valid credentials" finished-at="2025-05-29T16:58:58 IST" duration-ms="1950" status="PASS">
          <reporter-output>
          </reporter-output>
        </test-method> <!-- verifyUserCanSucessfullyLoginWithValidCredentials -->
        <test-method is-config="true" signature="driverQuit(org.testng.ITestResult)[pri:0, instance:testScript.LoginTest@27d4a09]" started-at="2025-05-29T16:58:58 IST" name="driverQuit" finished-at="2025-05-29T16:58:58 IST" duration-ms="2" status="PASS">
          <params>
            <param index="0">
              <value>
                <![CDATA[[TestResult name=verifyUserCanSucessfullyLoginWithValidCredentials status=SUCCESS method=LoginTest.verifyUserCanSucessfullyLoginWithValidCredentials()[pri:1, instance:testScript.LoginTest@27d4a09] output={null}]]]>
              </value>
            </param>
          </params>
          <reporter-output>
          </reporter-output>
        </test-method> <!-- driverQuit -->
      </class> <!-- testScript.LoginTest -->
    </test> <!-- Test -->
  </suite> <!-- LoginTest -->
</testng-results>
