<?xml version="1.0" encoding="UTF-8"?>
<testng-results ignored="0" total="1" passed="1" failed="0" skipped="0">
  <reporter-output>
  </reporter-output>
  <suite started-at="2025-05-21T23:22:42 IST" name="Default suite" finished-at="2025-05-21T23:22:51 IST" duration-ms="8593">
    <groups>
    </groups>
    <test started-at="2025-05-21T23:22:42 IST" name="Default test" finished-at="2025-05-21T23:22:51 IST" duration-ms="8593">
      <class name="testScript.ManageCategoryTest">
        <test-method is-config="true" signature="initializeBrowser()[pri:0, instance:testScript.ManageCategoryTest@58cbafc2]" started-at="2025-05-21T23:22:42 IST" name="initializeBrowser" finished-at="2025-05-21T23:22:46 IST" duration-ms="4009" status="PASS">
          <reporter-output>
          </reporter-output>
        </test-method> <!-- initializeBrowser -->
        <test-method signature="verifyUserCanSearchForaAddedCategoryfromManageCateogryPage()[pri:0, instance:testScript.ManageCategoryTest@58cbafc2]" started-at="2025-05-21T23:22:46 IST" name="verifyUserCanSearchForaAddedCategoryfromManageCateogryPage" description="Verify whether user can sucessfully search for a added category from ManagecategoryPage" finished-at="2025-05-21T23:22:51 IST" duration-ms="4443" status="PASS">
          <reporter-output>
          </reporter-output>
        </test-method> <!-- verifyUserCanSearchForaAddedCategoryfromManageCateogryPage -->
        <test-method is-config="true" signature="driverQuit(org.testng.ITestResult)[pri:0, instance:testScript.ManageCategoryTest@58cbafc2]" started-at="2025-05-21T23:22:51 IST" name="driverQuit" finished-at="2025-05-21T23:22:51 IST" duration-ms="13" status="PASS">
          <params>
            <param index="0">
              <value>
                <![CDATA[[TestResult name=verifyUserCanSearchForaAddedCategoryfromManageCateogryPage status=SUCCESS method=ManageCategoryTest.verifyUserCanSearchForaAddedCategoryfromManageCateogryPage()[pri:0, instance:testScript.ManageCategoryTest@58cbafc2] output={null}]]]>
              </value>
            </param>
          </params>
          <reporter-output>
          </reporter-output>
        </test-method> <!-- driverQuit -->
      </class> <!-- testScript.ManageCategoryTest -->
    </test> <!-- Default test -->
  </suite> <!-- Default suite -->
</testng-results>
