<?xml version="1.0" encoding="UTF-8"?>
<!-- Generated by org.testng.reporters.JUnitXMLReporter -->
<testsuite ignored="3" hostname="Midhun" failures="0" tests="1" name="Test" time="5.16" errors="0" timestamp="2025-05-29T16:58:59 IST">
  <testcase classname="testScript.LoginTest" name="verifyUserCanSucessfullyLoginWithValidCredentials" time="1.95"/>
  <testcase classname="testScript.LoginTest" name="verifyUserCanSucessfullyLoginWithValidUsernameInvalidpwd" time="0.0">
    <ignored/>
  </testcase> <!-- verifyUserCanSucessfullyLoginWithValidUsernameInvalidpwd -->
  <testcase classname="testScript.LoginTest" name="verifyUserCanSucessfullyLoginWithInvalidUsernameInvalidpwd" time="0.0">
    <ignored/>
  </testcase> <!-- verifyUserCanSucessfullyLoginWithInvalidUsernameInvalidpwd -->
  <testcase classname="testScript.LoginTest" name="verifyUserCanSucessfullyLoginWithInvalidUsernameValidpwd" time="0.0">
    <ignored/>
  </testcase> <!-- verifyUserCanSucessfullyLoginWithInvalidUsernameValidpwd -->
</testsuite> <!-- Test -->
