<?xml version="1.0" encoding="UTF-8"?>
<!-- Generated by org.testng.reporters.JUnitXMLReporter -->
<testsuite ignored="2" hostname="Midhun" failures="0" tests="2" name="ChromeTest" time="8.72" errors="0" timestamp="2025-05-28T23:34:10 IST">
  <testcase classname="testScript.LoginTest" name="verifyUserCanSucessfullyLoginWithValidCredentials" time="2.08"/>
  <testcase classname="testScript.LoginTest" name="verifyUserCanSucessfullyLoginWithInvalidUsernameValidpwd" time="0.765"/>
  <testcase classname="testScript.LoginTest" name="verifyUserCanSucessfullyLoginWithInvalidUsernameInvalidpwd" time="0.0">
    <ignored/>
  </testcase> <!-- verifyUserCanSucessfullyLoginWithInvalidUsernameInvalidpwd -->
  <testcase classname="testScript.LoginTest" name="verifyUserCanSucessfullyLoginWithValidUsernameInvalidpwd" time="0.0">
    <ignored/>
  </testcase> <!-- verifyUserCanSucessfullyLoginWithValidUsernameInvalidpwd -->
</testsuite> <!-- ChromeTest -->
