<?xml version="1.0" encoding="UTF-8"?>
<!-- Generated by org.testng.reporters.JUnitXMLReporter -->
<testsuite ignored="1" hostname="Midhun" failures="0" tests="1" name="Default test" time="7.791" errors="0" timestamp="2025-05-23T12:45:12 IST">
  <testcase classname="testScript.ManageCategoryTest" name="verifyUserCanAddNewCategoryOnCategoryPage" time="4.172"/>
  <testcase classname="testScript.ManageCategoryTest" name="verifyUserCanSearchForaAddedCategoryfromManageCateogryPage" time="0.0">
    <ignored/>
  </testcase> <!-- verifyUserCanSearchForaAddedCategoryfromManageCateogryPage -->
</testsuite> <!-- Default test -->
