<?xml version="1.0" encoding="UTF-8"?>
<!-- Generated by org.testng.reporters.JUnitXMLReporter -->
<testsuite ignored="1" hostname="Midhun" failures="0" tests="1" name="Default test" time="8.593" errors="0" timestamp="2025-05-21T23:22:51 IST">
  <testcase classname="testScript.ManageCategoryTest" name="verifyUserCanSearchForaAddedCategoryfromManageCateogryPage" time="4.443"/>
  <testcase classname="testScript.ManageCategoryTest" name="verifyUserCanAddNewCategoryOnCategoryPage" time="0.0">
    <ignored/>
  </testcase> <!-- verifyUserCanAddNewCategoryOnCategoryPage -->
</testsuite> <!-- Default test -->
