<?xml version="1.0" encoding="UTF-8"?>
<!-- Generated by org.testng.reporters.JUnitXMLReporter -->
<testsuite ignored="0" hostname="Midhun" failures="1" tests="1" name="Test1" time="5.579" errors="0" timestamp="2025-05-27T21:37:24 IST">
  <testcase classname="testScript.ManageNewsTest" name="verifyUserCanAddNewNewsSucessfullyInManageNewsPage" time="0.203">
    <failure type="java.lang.NoClassDefFoundError" message="Could not initialize class org.apache.poi.xssf.usermodel.XSSFWorkbook">
      <![CDATA[java.lang.NoClassDefFoundError: Could not initialize class org.apache.poi.xssf.usermodel.XSSFWorkbook
at utilities.ExcelUtility.readStringData(ExcelUtility.java:18)
at testScript.ManageNewsTest.verifyUserCanAddNewNewsSucessfullyInManageNewsPage(ManageNewsTest.java:18)
at java.base/java.util.ArrayList.forEach(ArrayList.java:1541)
at java.base/java.util.concurrent.FutureTask.run(FutureTask.java:264)
at java.base/java.util.concurrent.ThreadPoolExecutor.runWorker(ThreadPoolExecutor.java:1128)
at java.base/java.util.concurrent.ThreadPoolExecutor$Worker.run(ThreadPoolExecutor.java:628)
at java.base/java.lang.Thread.run(Thread.java:834)
... Removed 17 stack frames]]>
    </failure>
  </testcase> <!-- verifyUserCanAddNewNewsSucessfullyInManageNewsPage -->
</testsuite> <!-- Test1 -->
