<?xml version="1.0" encoding="UTF-8"?>
<!-- Generated by org.testng.reporters.JUnitXMLReporter -->
<testsuite ignored="1" hostname="Midhun" failures="0" tests="1" name="Test" time="7.372" errors="0" timestamp="2025-05-28T22:07:59 IST">
  <testcase classname="testScript.ManageCategoryTest" name="verifyUserCanAddNewCategoryOnCategoryPage" time="4.04"/>
  <testcase classname="testScript.ManageCategoryTest" name="verifyUserCanSearchForaAddedCategoryfromManageCateogryPage" time="0.0">
    <ignored/>
  </testcase> <!-- verifyUserCanSearchForaAddedCategoryfromManageCateogryPage -->
</testsuite> <!-- Test -->
