<?xml version="1.0" encoding="UTF-8"?>
<!-- Generated by org.testng.reporters.JUnitXMLReporter -->
<testsuite ignored="0" hostname="Midhun" failures="0" tests="2" name="Test" time="12.92" errors="0" timestamp="2025-05-29T16:48:48 IST">
  <testcase classname="testScript.ManageCategoryTest" name="verifyUserCanAddNewCategoryOnCategoryPage" time="4.883"/>
  <testcase classname="testScript.ManageCategoryTest" name="verifyUserCanSearchForaAddedCategoryfromManageCateogryPage" time="2.34"/>
</testsuite> <!-- Test -->
